{
  "RSpec": {
    "coverage": {
      "/Users/eliotswank/turing/mod2-redux/projects/job-tracker/spec/features/categories/user_sees_a_category_spec.rb": [
        1,
        null,
        1,
        1,
        1,
        1,
        1,
        1,
        null,
        1,
        null,
        1,
        1,
        1,
        1,
        1,
        1,
        null,
        null
      ],
      "/Users/eliotswank/turing/mod2-redux/projects/job-tracker/spec/features/categories/user_views_all_categories_spec.rb": [
        1,
        null,
        1,
        1,
        1,
        1,
        1,
        1,
        null,
        1,
        null,
        1,
        1,
        1,
        1,
        null,
        null
      ],
      "/Users/eliotswank/turing/mod2-redux/projects/job-tracker/spec/features/companies/user_creates_new_company_spec.rb": [
        1,
        null,
        1,
        1,
        1,
        null,
        1,
        1,
        null,
        1,
        1,
        1,
        null,
        null
      ],
      "/Users/eliotswank/turing/mod2-redux/projects/job-tracker/spec/features/companies/user_deletes_a_company_spec.rb": [
        1,
        null,
        1,
        1,
        1,
        1,
        null,
        1,
        1,
        null,
        null,
        1,
        null,
        null
      ],
      "/Users/eliotswank/turing/mod2-redux/projects/job-tracker/spec/features/companies/user_edits_existing_company_spec.rb": [
        1,
        null,
        1,
        1,
        1,
        1,
        null,
        1,
        1,
        null,
        1,
        1,
        1,
        null,
        null
      ],
      "/Users/eliotswank/turing/mod2-redux/projects/job-tracker/spec/features/companies/user_sees_all_companies_spec.rb": [
        1,
        null,
        1,
        1,
        1,
        1,
        null,
        1,
        null,
        1,
        null,
        null,
        null
      ],
      "/Users/eliotswank/turing/mod2-redux/projects/job-tracker/spec/features/companies/user_sees_one_company_spec.rb": [
        1,
        null,
        1,
        1,
        1,
        1,
        1,
        null,
        1,
        null,
        1,
        1,
        1,
        null,
        null
      ],
      "/Users/eliotswank/turing/mod2-redux/projects/job-tracker/spec/features/company_contacts/user_sees_a_company_show_page_spec.rb": [
        1,
        null,
        1,
        1,
        1,
        1,
        1,
        1,
        1,
        1,
        1,
        null,
        1,
        null,
        1,
        1,
        1,
        1,
        null,
        1,
        1,
        1,
        1,
        null,
        null,
        null,
        null,
        null,
        null,
        null,
        null,
        null,
        null
      ],
      "/Users/eliotswank/turing/mod2-redux/projects/job-tracker/spec/features/dashboard/user_sees_dashboard_index_spec.rb": [
        1,
        null,
        1,
        1,
        1,
        1,
        1,
        1,
        null,
        1,
        null,
        1,
        1,
        null,
        null,
        1,
        1,
        1,
        1,
        1,
        1,
        1,
        1,
        1,
        1,
        1,
        null,
        1,
        1,
        1,
        null,
        1,
        null,
        1,
        1,
        1,
        1,
        1,
        1,
        null,
        null,
        1,
        1,
        1,
        1,
        1,
        1,
        1,
        1,
        1,
        1,
        1,
        null,
        1,
        null,
        1,
        0,
        0,
        null,
        null
      ],
      "/Users/eliotswank/turing/mod2-redux/projects/job-tracker/spec/features/jobs/user_creates_new_job_spec.rb": [
        1,
        null,
        1,
        1,
        1,
        1,
        1,
        null,
        1,
        1,
        1,
        1,
        1,
        1,
        1,
        null,
        1,
        1,
        1,
        1,
        1,
        null,
        null
      ],
      "/Users/eliotswank/turing/mod2-redux/projects/job-tracker/spec/features/jobs/user_deletes_a_job_spec.rb": [
        1,
        null,
        1,
        1,
        1,
        1,
        1,
        null,
        1,
        null,
        1,
        null,
        1,
        null,
        null
      ],
      "/Users/eliotswank/turing/mod2-redux/projects/job-tracker/spec/features/jobs/user_edits_existing_job_spec.rb": [
        1,
        null,
        1,
        1,
        1,
        1,
        1,
        null,
        1,
        null,
        1,
        1,
        1,
        1,
        1,
        null,
        1,
        null,
        null
      ],
      "/Users/eliotswank/turing/mod2-redux/projects/job-tracker/spec/features/jobs/user_sees_a_job_spec.rb": [
        1,
        null,
        1,
        1,
        1,
        1,
        1,
        1,
        1,
        null,
        1,
        null,
        1,
        1,
        1,
        1,
        1,
        1,
        1,
        null,
        null,
        null,
        1,
        1,
        1,
        1,
        1,
        null,
        1,
        null,
        1,
        1,
        1,
        1,
        1,
        1,
        1,
        1,
        null,
        null
      ],
      "/Users/eliotswank/turing/mod2-redux/projects/job-tracker/spec/features/jobs/user_sees_all_jobs_spec.rb": [
        1,
        null,
        1,
        1,
        1,
        1,
        1,
        1,
        null,
        1,
        null,
        1,
        1,
        1,
        null,
        null
      ],
      "/Users/eliotswank/turing/mod2-redux/projects/job-tracker/spec/models/category_spec.rb": [
        1,
        null,
        1,
        1,
        2,
        2,
        null,
        null
      ],
      "/Users/eliotswank/turing/mod2-redux/projects/job-tracker/app/models/category.rb": [
        1,
        1,
        1,
        null
      ],
      "/Users/eliotswank/turing/mod2-redux/projects/job-tracker/app/models/application_record.rb": [
        1,
        1,
        null
      ],
      "/Users/eliotswank/turing/mod2-redux/projects/job-tracker/spec/models/comment_spec.rb": [
        1,
        null,
        1,
        1,
        2,
        null,
        null
      ],
      "/Users/eliotswank/turing/mod2-redux/projects/job-tracker/app/models/comment.rb": [
        1,
        1,
        null
      ],
      "/Users/eliotswank/turing/mod2-redux/projects/job-tracker/spec/models/company_spec.rb": [
        1,
        null,
        1,
        1,
        1,
        1,
        1,
        1,
        null,
        null,
        1,
        1,
        1,
        1,
        null,
        null,
        null,
        1,
        1,
        1,
        1,
        null,
        null,
        null,
        null,
        1,
        1,
        1,
        1,
        null,
        null,
        null
      ],
      "/Users/eliotswank/turing/mod2-redux/projects/job-tracker/app/models/company.rb": [
        1,
        1,
        1,
        1,
        null
      ],
      "/Users/eliotswank/turing/mod2-redux/projects/job-tracker/spec/models/contact_spec.rb": [
        1,
        null,
        1,
        1,
        2,
        2,
        2,
        2,
        null,
        null,
        1,
        2,
        null,
        null
      ],
      "/Users/eliotswank/turing/mod2-redux/projects/job-tracker/app/models/contact.rb": [
        1,
        1,
        1,
        null
      ],
      "/Users/eliotswank/turing/mod2-redux/projects/job-tracker/spec/models/job_spec.rb": [
        1,
        null,
        1,
        1,
        1,
        1,
        1,
        1,
        null,
        null,
        1,
        1,
        1,
        null,
        null,
        1,
        1,
        1,
        null,
        null,
        null,
        1,
        1,
        1,
        1,
        1,
        1,
        null,
        null,
        null,
        null,
        1,
        1,
        1,
        1,
        null,
        null,
        null,
        1,
        2,
        null,
        null,
        1,
        1,
        1,
        1,
        1,
        1,
        null,
        1,
        null,
        1,
        null,
        null,
        1,
        1,
        1,
        1,
        1,
        1,
        1,
        1,
        1,
        1,
        1,
        null,
        1,
        1,
        1,
        1,
        null,
        1,
        null,
        null,
        null
      ],
      "/Users/eliotswank/turing/mod2-redux/projects/job-tracker/app/models/job.rb": [
        1,
        1,
        1,
        1,
        1,
        null,
        1,
        null,
        null,
        4,
        null,
        null,
        1,
        null,
        null,
        null,
        null,
        4,
        null,
        null
      ],
      "/Users/eliotswank/turing/mod2-redux/projects/job-tracker/app/controllers/companies_controller.rb": [
        1,
        1,
        3,
        null,
        null,
        1,
        1,
        null,
        null,
        1,
        1,
        1,
        1,
        1,
        null,
        0,
        null,
        null,
        null,
        1,
        6,
        6,
        6,
        null,
        null,
        1,
        1,
        null,
        null,
        1,
        1,
        1,
        1,
        1,
        1,
        null,
        0,
        null,
        null,
        null,
        1,
        1,
        1,
        1,
        1,
        null,
        0,
        0,
        null,
        null,
        null,
        1,
        null,
        1,
        2,
        null,
        null
      ],
      "/Users/eliotswank/turing/mod2-redux/projects/job-tracker/app/controllers/application_controller.rb": [
        1,
        1,
        null
      ],
      "/Users/eliotswank/turing/mod2-redux/projects/job-tracker/app/controllers/categories_controller.rb": [
        1,
        1,
        null,
        1,
        1,
        null,
        null,
        1,
        2,
        null,
        null,
        1,
        3,
        null,
        null,
        1,
        null,
        null,
        1,
        2,
        2,
        1,
        1,
        null,
        1,
        1,
        null,
        null,
        null,
        1,
        0,
        0,
        0,
        0,
        0,
        null,
        0,
        null,
        null,
        null,
        1,
        0,
        0,
        0,
        0,
        null,
        null,
        null,
        1,
        1,
        2,
        null,
        null,
        1,
        2,
        null,
        null
      ],
      "/Users/eliotswank/turing/mod2-redux/projects/job-tracker/app/controllers/jobs_controller.rb": [
        1,
        null,
        1,
        2,
        2,
        null,
        null,
        1,
        1,
        null,
        null,
        1,
        1,
        1,
        1,
        1,
        null,
        0,
        0,
        null,
        null,
        null,
        1,
        5,
        5,
        5,
        null,
        null,
        1,
        1,
        1,
        null,
        null,
        1,
        1,
        1,
        1,
        1,
        1,
        1,
        null,
        0,
        null,
        null,
        null,
        1,
        1,
        1,
        1,
        1,
        1,
        null,
        0,
        0,
        null,
        null,
        null,
        1,
        null,
        1,
        2,
        null,
        null,
        1,
        2,
        0,
        null,
        2,
        0,
        null,
        2,
        0,
        null,
        null,
        null
      ],
      "/Users/eliotswank/turing/mod2-redux/projects/job-tracker/app/controllers/contacts_controller.rb": [
        1,
        null,
        1,
        1,
        1,
        1,
        1,
        null,
        null,
        1,
        null,
        1,
        1,
        null,
        null
      ],
      "/Users/eliotswank/turing/mod2-redux/projects/job-tracker/app/controllers/comments_controller.rb": [
        1,
        null,
        1,
        1,
        1,
        1,
        1,
        null,
        null,
        1,
        null,
        1,
        1,
        null,
        null
      ],
      "/Users/eliotswank/turing/mod2-redux/projects/job-tracker/app/controllers/dashboard_controller.rb": [
        1,
        null,
        1,
        3,
        3,
        null,
        null
      ]
    },
    "timestamp": 1531330733
  }
}
